<?xml version="1.0" encoding="UTF-8"?>
<!-- Generated by org.testng.reporters.JUnitReportReporter -->
<testsuite hostname="30343-444099" failures="0" tests="7" name="flightBooking" time="6.383" errors="0" timestamp="2024-10-16T16:55:21 IST" skipped="0">
  <testcase classname="flightBooking" name="autoSuggestCountryInput" time="2.428"/>
  <testcase classname="flightBooking" name="selectSeniorCitizenDiscount" time="0.228"/>
  <testcase classname="flightBooking" name="selectCurrency" time="0.311"/>
  <testcase classname="flightBooking" name="selectOriginAndDestination" time="1.221"/>
  <testcase classname="flightBooking" name="selectNumberOfAdults" time="1.774"/>
  <testcase classname="flightBooking" name="checkDatePickerEnabled" time="0.059"/>
  <testcase classname="flightBooking" name="selectFamilyCheckbox" time="0.362"/>
</testsuite> <!-- flightBooking -->
