<?xml version="1.0" encoding="UTF-8"?>
<!-- Generated by org.testng.reporters.JUnitReportReporter -->
<testsuite hostname="30343-444099" failures="0" tests="7" name="test.java.tests.FlightBookingTest" time="6.943" errors="0" timestamp="2024-10-16T17:38:39 IST" skipped="0">
  <testcase classname="test.java.tests.FlightBookingTest" name="testSelectNumberOfAdults" time="1.713"/>
  <testcase classname="test.java.tests.FlightBookingTest" name="testSelectOriginAndDestination" time="1.554"/>
  <testcase classname="test.java.tests.FlightBookingTest" name="testSeniorCitizenDiscount" time="0.528"/>
  <testcase classname="test.java.tests.FlightBookingTest" name="testSelectCurrency" time="0.263"/>
  <testcase classname="test.java.tests.FlightBookingTest" name="testDatePickerEnabled" time="0.094"/>
  <testcase classname="test.java.tests.FlightBookingTest" name="testFamilyCheckbox" time="0.237"/>
  <testcase classname="test.java.tests.FlightBookingTest" name="testAutoSuggestCountryInput" time="2.554"/>
</testsuite> <!-- test.java.tests.FlightBookingTest -->
