<?xml version="1.0" encoding="UTF-8"?>
<!-- Generated by org.testng.reporters.JUnitReportReporter -->
<testsuite hostname="30343-444099" failures="0" tests="1" name="com.example.tests.GoogleSearchTest" time="14.324" errors="0" timestamp="2024-09-25T16:07:28 IST" skipped="0">
  <testcase classname="com.example.tests.GoogleSearchTest" name="testGoogleSearch" time="14.324"/>
</testsuite> <!-- com.example.tests.GoogleSearchTest -->
